arabicreader/build/outputs/logs/manifest-merger-debug-report.txt
-- Merging decision tree log ---
manifest
ADDED from src\main\AndroidManifest.xml:2:1-92:12
	package
		ADDED from src\main\AndroidManifest.xml:2:11-57
		INJECTED from src\main\AndroidManifest.xml
		INJECTED from src\main\AndroidManifest.xml
	android:versionName
		INJECTED from src\main\AndroidManifest.xml
		INJECTED from src\main\AndroidManifest.xml
	xmlns:android
		ADDED from src\main\AndroidManifest.xml:3:11-69
	android:versionCode
		INJECTED from src\main\AndroidManifest.xml
		INJECTED from src\main\AndroidManifest.xml
uses-permission#android.permission.INTERNET
ADDED from src\main\AndroidManifest.xml:6:5-66
MERGED from [com.google.android.gms:play-services-ads:8.4.0] AndroidManifest.xml:20:5-66
	android:name
		ADDED from src\main\AndroidManifest.xml:6:22-64
uses-permission#android.permission.ACCESS_NETWORK_STATE
ADDED from src\main\AndroidManifest.xml:7:5-78
MERGED from [com.google.android.gms:play-services-ads:8.4.0] AndroidManifest.xml:21:5-78
	android:name
		ADDED from src\main\AndroidManifest.xml:7:22-76
uses-permission#android.permission.WRITE_EXTERNAL_STORAGE
ADDED from src\main\AndroidManifest.xml:8:5-80
	android:name
		ADDED from src\main\AndroidManifest.xml:8:22-78
uses-permission#android.permission.WAKE_LOCK
ADDED from src\main\AndroidManifest.xml:9:5-67
	android:name
		ADDED from src\main\AndroidManifest.xml:9:22-65
uses-permission#com.google.android.providers.gsf.permission.READ_GSERVICES
ADDED from src\main\AndroidManifest.xml:10:5-97
	android:name
		ADDED from src\main\AndroidManifest.xml:10:22-95
uses-permission#android.permission.GET_ACCOUNTS
ADDED from src\main\AndroidManifest.xml:11:5-70
	android:name
		ADDED from src\main\AndroidManifest.xml:11:22-68
uses-permission#android.permission.RECORD_AUDIO
ADDED from src\main\AndroidManifest.xml:12:5-70
	android:name
		ADDED from src\main\AndroidManifest.xml:12:22-68
uses-permission#android.permission.WRITE_SETTINGS
ADDED from src\main\AndroidManifest.xml:13:5-72
	android:name
		ADDED from src\main\AndroidManifest.xml:13:22-70
uses-permission#android.permission.VIBRATE
ADDED from src\main\AndroidManifest.xml:14:5-65
	android:name
		ADDED from src\main\AndroidManifest.xml:14:22-63
application
ADDED from src\main\AndroidManifest.xml:16:5-90:19
MERGED from [ArabicReader:materialDialog:unspecified] AndroidManifest.xml:9:5-20
MERGED from [com.android.support:appcompat-v7:22.2.1] AndroidManifest.xml:22:5-20
MERGED from [com.android.support:support-v4:23.0.0] AndroidManifest.xml:22:5-20
MERGED from [com.android.support:support-v4:23.0.0] AndroidManifest.xml:22:5-20
MERGED from [com.google.android.gms:play-services-ads:8.4.0] AndroidManifest.xml:24:5-32:19
MERGED from [com.google.android.gms:play-services-basement:8.4.0] AndroidManifest.xml:20:5-24:19
MERGED from [com.android.support:support-v4:23.0.0] AndroidManifest.xml:22:5-20
	android:label
		ADDED from src\main\AndroidManifest.xml:20:9-41
	android:allowBackup
		ADDED from src\main\AndroidManifest.xml:17:9-35
	android:icon
		ADDED from src\main\AndroidManifest.xml:18:9-45
	android:theme
		ADDED from src\main\AndroidManifest.xml:21:9-44
	android:name
		ADDED from src\main\AndroidManifest.xml:19:9-75
activity#org.copticchurchlibrary.arabicreader.SplashActivity
ADDED from src\main\AndroidManifest.xml:22:9-34:20
	android:screenOrientation
		ADDED from src\main\AndroidManifest.xml:27:13-49
	android:label
		ADDED from src\main\AndroidManifest.xml:25:13-45
	android:launchMode
		ADDED from src\main\AndroidManifest.xml:26:13-43
	android:configChanges
		ADDED from src\main\AndroidManifest.xml:24:13-145
	android:theme
		ADDED from src\main\AndroidManifest.xml:28:13-49
	android:name
		ADDED from src\main\AndroidManifest.xml:23:13-79
intent-filter#android.intent.action.MAIN+android.intent.category.LAUNCHER
ADDED from src\main\AndroidManifest.xml:29:13-33:29
action#android.intent.action.MAIN
ADDED from src\main\AndroidManifest.xml:30:17-68
	android:name
		ADDED from src\main\AndroidManifest.xml:30:25-66
category#android.intent.category.LAUNCHER
ADDED from src\main\AndroidManifest.xml:32:17-76
	android:name
		ADDED from src\main\AndroidManifest.xml:32:27-74
activity#org.copticchurchlibrary.arabicreader.MainActivity
ADDED from src\main\AndroidManifest.xml:35:9-41:20
	android:screenOrientation
		ADDED from src\main\AndroidManifest.xml:39:13-49
	android:label
		ADDED from src\main\AndroidManifest.xml:38:13-45
	android:configChanges
		ADDED from src\main\AndroidManifest.xml:37:13-145
	android:theme
		ADDED from src\main\AndroidManifest.xml:40:13-49
	android:name
		ADDED from src\main\AndroidManifest.xml:36:13-77
activity#org.copticchurchlibrary.arabicreader.EqualizerActivity
ADDED from src\main\AndroidManifest.xml:42:9-47:20
	android:screenOrientation
		ADDED from src\main\AndroidManifest.xml:46:13-49
	android:label
		ADDED from src\main\AndroidManifest.xml:45:13-45
	android:configChanges
		ADDED from src\main\AndroidManifest.xml:44:13-145
	android:name
		ADDED from src\main\AndroidManifest.xml:43:13-82
activity#org.copticchurchlibrary.arabicreader.ShowUrlActivity
ADDED from src\main\AndroidManifest.xml:48:9-53:20
	android:screenOrientation
		ADDED from src\main\AndroidManifest.xml:52:13-49
	android:label
		ADDED from src\main\AndroidManifest.xml:51:13-45
	android:configChanges
		ADDED from src\main\AndroidManifest.xml:50:13-145
	android:name
		ADDED from src\main\AndroidManifest.xml:49:13-80
activity#com.google.android.gms.ads.AdActivity
ADDED from src\main\AndroidManifest.xml:54:9-56:124
MERGED from [com.google.android.gms:play-services-ads:8.4.0] AndroidManifest.xml:26:9-29:64
	android:configChanges
		ADDED from src\main\AndroidManifest.xml:56:13-122
	android:theme
		ADDED from [com.google.android.gms:play-services-ads:8.4.0] AndroidManifest.xml:29:13-61
	android:name
		ADDED from src\main\AndroidManifest.xml:55:13-65
meta-data#com.google.android.gms.version
ADDED from src\main\AndroidManifest.xml:58:9-60:68
MERGED from [com.google.android.gms:play-services-basement:8.4.0] AndroidManifest.xml:21:9-23:69
	android:value
		ADDED from src\main\AndroidManifest.xml:60:13-66
	android:name
		ADDED from src\main\AndroidManifest.xml:59:13-58
service#org.copticchurchlibrary.arabicreader.playerservice.MusicService
ADDED from src\main\AndroidManifest.xml:62:9-74:19
	android:exported
		ADDED from src\main\AndroidManifest.xml:64:13-37
	android:name
		ADDED from src\main\AndroidManifest.xml:63:13-91
intent-filter#org.copticchurchlibrary.arabicreader.ACTION_SEEK+org.copticchurchlibrary.arabicreader.NEXT+org.copticchurchlibrary.arabicreader.PAUSE+org.copticchurchlibrary.arabicreader.PLAY+org.copticchurchlibrary.arabicreader.PREVIOUS+org.copticchurchlibrary.arabicreader.STOP+org.copticchurchlibrary.arabicreader.action.TOGGLE_PLAYBACK
ADDED from src\main\AndroidManifest.xml:65:13-73:29
action#org.copticchurchlibrary.arabicreader.action.TOGGLE_PLAYBACK
ADDED from src\main\AndroidManifest.xml:66:17-101
	android:name
		ADDED from src\main\AndroidManifest.xml:66:25-99
action#org.copticchurchlibrary.arabicreader.PLAY
ADDED from src\main\AndroidManifest.xml:67:17-83
	android:name
		ADDED from src\main\AndroidManifest.xml:67:25-81
action#org.copticchurchlibrary.arabicreader.PAUSE
ADDED from src\main\AndroidManifest.xml:68:17-84
	android:name
		ADDED from src\main\AndroidManifest.xml:68:25-82
action#org.copticchurchlibrary.arabicreader.NEXT
ADDED from src\main\AndroidManifest.xml:69:17-83
	android:name
		ADDED from src\main\AndroidManifest.xml:69:25-81
action#org.copticchurchlibrary.arabicreader.PREVIOUS
ADDED from src\main\AndroidManifest.xml:70:17-87
	android:name
		ADDED from src\main\AndroidManifest.xml:70:25-85
action#org.copticchurchlibrary.arabicreader.STOP
ADDED from src\main\AndroidManifest.xml:71:17-83
	android:name
		ADDED from src\main\AndroidManifest.xml:71:25-81
action#org.copticchurchlibrary.arabicreader.ACTION_SEEK
ADDED from src\main\AndroidManifest.xml:72:17-90
	android:name
		ADDED from src\main\AndroidManifest.xml:72:25-88
receiver#org.copticchurchlibrary.arabicreader.playerservice.MusicIntentReceiver
ADDED from src\main\AndroidManifest.xml:76:9-89:20
	android:name
		ADDED from src\main\AndroidManifest.xml:76:19-104
intent-filter#android.media.AUDIO_BECOMING_NOISY
ADDED from src\main\AndroidManifest.xml:77:13-79:29
action#android.media.AUDIO_BECOMING_NOISY
ADDED from src\main\AndroidManifest.xml:78:17-76
	android:name
		ADDED from src\main\AndroidManifest.xml:78:25-74
intent-filter#android.intent.action.MEDIA_BUTTON
ADDED from src\main\AndroidManifest.xml:80:13-82:29
action#android.intent.action.MEDIA_BUTTON
ADDED from src\main\AndroidManifest.xml:81:17-76
	android:name
		ADDED from src\main\AndroidManifest.xml:81:25-74
intent-filter#org.copticchurchlibrary.arabicreader.action.NEXT+org.copticchurchlibrary.arabicreader.action.PREVIOUS+org.copticchurchlibrary.arabicreader.action.STOP+org.copticchurchlibrary.arabicreader.action.TOGGLE_PLAYBACK
ADDED from src\main\AndroidManifest.xml:83:13-88:29
action#org.copticchurchlibrary.arabicreader.action.NEXT
ADDED from src\main\AndroidManifest.xml:85:17-90
	android:name
		ADDED from src\main\AndroidManifest.xml:85:25-88
action#org.copticchurchlibrary.arabicreader.action.PREVIOUS
ADDED from src\main\AndroidManifest.xml:86:17-94
	android:name
		ADDED from src\main\AndroidManifest.xml:86:25-92
action#org.copticchurchlibrary.arabicreader.action.STOP
ADDED from src\main\AndroidManifest.xml:87:17-90
	android:name
		ADDED from src\main\AndroidManifest.xml:87:25-88
uses-sdk
INJECTED from src\main\AndroidManifest.xml reason: use-sdk injection requested
MERGED from [com.android.support:multidex:1.0.1] AndroidManifest.xml:18:5-42
MERGED from [ArabicReader:materialDialog:unspecified] AndroidManifest.xml:5:5-7:41
MERGED from [com.android.support:appcompat-v7:22.2.1] AndroidManifest.xml:20:5-43
MERGED from [com.android.support:support-v4:23.0.0] AndroidManifest.xml:20:5-43
MERGED from [com.android.support:recyclerview-v7:22.2.1] AndroidManifest.xml:20:5-43
MERGED from [com.android.support:support-v4:23.0.0] AndroidManifest.xml:20:5-43
MERGED from [ArabicReader:nineOldLibrary:unspecified] AndroidManifest.xml:7:5-43
MERGED from [com.google.android.gms:play-services-ads:8.4.0] AndroidManifest.xml:23:5-42
MERGED from [com.google.android.gms:play-services-basement:8.4.0] AndroidManifest.xml:18:5-42
MERGED from [com.android.support:support-v4:23.0.0] AndroidManifest.xml:20:5-43
	android:targetSdkVersion
		INJECTED from src\main\AndroidManifest.xml
		INJECTED from src\main\AndroidManifest.xml
	android:minSdkVersion
		INJECTED from src\main\AndroidManifest.xml
		INJECTED from src\main\AndroidManifest.xml
android:uses-permission#android.permission.READ_PHONE_STATE
IMPLIED from src\main\AndroidManifest.xml:2:1-92:12 reason: com.nineoldandroids has a targetSdkVersion < 4
android:uses-permission#android.permission.READ_EXTERNAL_STORAGE
IMPLIED from src\main\AndroidManifest.xml:2:1-92:12 reason: com.nineoldandroids requested WRITE_EXTERNAL_STORAGE
activity#com.google.android.gms.ads.purchase.InAppPurchaseActivity
ADDED from [com.google.android.gms:play-services-ads:8.4.0] AndroidManifest.xml:30:9-31:52
	android:theme
		ADDED from [com.google.android.gms:play-services-ads:8.4.0] AndroidManifest.xml:31:13-50
	android:name
		ADDED from [com.google.android.gms:play-services-ads:8.4.0] AndroidManifest.xml:30:19-91